# JRE version: OpenJDK Runtime Environment (21.0.3) (build 21.0.3+-79915915-b509.11)
# Java VM: OpenJDK 64-Bit Server VM (21.0.3+-79915915-b509.11, mixed mode, tiered, compressed oops, compressed class ptrs, g1 gc, bsd-amd64)
GC Precious Log:
 CardTable entry size: 512
 Card Set container configuration: InlinePtr #cards 5 size 8 Array Of Cards #cards 12 size 40 Howl #buckets 4 coarsen threshold 1843 Howl Bitmap #cards 512 size 80 coarsen threshold 460 Card regions per heap region 1 cards per card region 2048
 CPUs: 16 total, 16 available
 Memory: 16384M
 Large Page Support: Disabled
 NUMA Support: Disabled
 Compressed Oops: Enabled (Zero based)
 Heap Region Size: 1M
 Heap Min Capacity: 8M
 Heap Initial Capacity: 256M
 Heap Max Capacity: 2G
 Pre-touch: Disabled
 Parallel Workers: 13
 Concurrent Workers: 3
 Concurrent Refinement Workers: 13
 Periodic GC: Disabled
Heap:
 garbage-first heap   total 235520K, used 212074K [0x0000000780000000, 0x0000000800000000)
  region size 1024K, 73 young (74752K), 5 survivors (5120K)
 Metaspace       used 140326K, committed 142528K, reserved 1179648K
  class space    used 18315K, committed 19392K, reserved 1048576K
GC Heap History (20 events):
Event: 10.902 GC heap after
{Heap after GC invocations=26 (full 0):
 garbage-first heap   total 176128K, used 106835K [0x0000000780000000, 0x0000000800000000)
  region size 1024K, 7 young (7168K), 7 survivors (7168K)
 Metaspace       used 92357K, committed 94272K, reserved 1179648K
  class space    used 12603K, committed 13504K, reserved 1048576K
}
Event: 11.364 GC heap before
{Heap before GC invocations=26 (full 0):
 garbage-first heap   total 176128K, used 138579K [0x0000000780000000, 0x0000000800000000)
  region size 1024K, 39 young (39936K), 7 survivors (7168K)
 Metaspace       used 96707K, committed 98624K, reserved 1179648K
  class space    used 13138K, committed 14080K, reserved 1048576K
}
Event: 11.368 GC heap after
{Heap after GC invocations=27 (full 0):
 garbage-first heap   total 176128K, used 109320K [0x0000000780000000, 0x0000000800000000)
  region size 1024K, 6 young (6144K), 6 survivors (6144K)
 Metaspace       used 96707K, committed 98624K, reserved 1179648K
  class space    used 13138K, committed 14080K, reserved 1048576K
}
Event: 11.849 GC heap before
{Heap before GC invocations=28 (full 0):
 garbage-first heap   total 206848K, used 158472K [0x0000000780000000, 0x0000000800000000)
  region size 1024K, 53 young (54272K), 6 survivors (6144K)
 Metaspace       used 99056K, committed 100992K, reserved 1179648K
  class space    used 13402K, committed 14336K, reserved 1048576K
}
Event: 11.854 GC heap after
{Heap after GC invocations=29 (full 0):
 garbage-first heap   total 206848K, used 112813K [0x0000000780000000, 0x0000000800000000)
  region size 1024K, 6 young (6144K), 6 survivors (6144K)
 Metaspace       used 99056K, committed 100992K, reserved 1179648K
  class space    used 13402K, committed 14336K, reserved 1048576K
}
Event: 12.709 GC heap before
{Heap before GC invocations=29 (full 0):
 garbage-first heap   total 206848K, used 182445K [0x0000000780000000, 0x0000000800000000)
  region size 1024K, 74 young (75776K), 6 survivors (6144K)
 Metaspace       used 105163K, committed 107200K, reserved 1179648K
  class space    used 14022K, committed 15040K, reserved 1048576K
}
Event: 12.717 GC heap after
{Heap after GC invocations=30 (full 0):
 garbage-first heap   total 206848K, used 116658K [0x0000000780000000, 0x0000000800000000)
  region size 1024K, 10 young (10240K), 10 survivors (10240K)
 Metaspace       used 105163K, committed 107200K, reserved 1179648K
  class space    used 14022K, committed 15040K, reserved 1048576K
}
Event: 13.598 GC heap before
{Heap before GC invocations=30 (full 0):
 garbage-first heap   total 206848K, used 184242K [0x0000000780000000, 0x0000000800000000)
  region size 1024K, 77 young (78848K), 10 survivors (10240K)
 Metaspace       used 115677K, committed 117696K, reserved 1179648K
  class space    used 15149K, committed 16128K, reserved 1048576K
}
Event: 13.604 GC heap after
{Heap after GC invocations=31 (full 0):
 garbage-first heap   total 206848K, used 119404K [0x0000000780000000, 0x0000000800000000)
  region size 1024K, 8 young (8192K), 8 survivors (8192K)
 Metaspace       used 115677K, committed 117696K, reserved 1179648K
  class space    used 15149K, committed 16128K, reserved 1048576K
}
Event: 14.364 GC heap before
{Heap before GC invocations=32 (full 0):
 garbage-first heap   total 208896K, used 186988K [0x0000000780000000, 0x0000000800000000)
  region size 1024K, 73 young (74752K), 8 survivors (8192K)
 Metaspace       used 121412K, committed 123456K, reserved 1179648K
  class space    used 15766K, committed 16768K, reserved 1048576K
}
Event: 14.371 GC heap after
{Heap after GC invocations=33 (full 0):
 garbage-first heap   total 208896K, used 127181K [0x0000000780000000, 0x0000000800000000)
  region size 1024K, 10 young (10240K), 10 survivors (10240K)
 Metaspace       used 121412K, committed 123456K, reserved 1179648K
  class space    used 15766K, committed 16768K, reserved 1048576K
}
Event: 14.816 GC heap before
{Heap before GC invocations=33 (full 0):
 garbage-first heap   total 208896K, used 186573K [0x0000000780000000, 0x0000000800000000)
  region size 1024K, 68 young (69632K), 10 survivors (10240K)
 Metaspace       used 122799K, committed 124864K, reserved 1179648K
  class space    used 15887K, committed 16896K, reserved 1048576K
}
Event: 14.823 GC heap after
{Heap after GC invocations=34 (full 0):
 garbage-first heap   total 208896K, used 130784K [0x0000000780000000, 0x0000000800000000)
  region size 1024K, 8 young (8192K), 8 survivors (8192K)
 Metaspace       used 122799K, committed 124864K, reserved 1179648K
  class space    used 15887K, committed 16896K, reserved 1048576K
}
Event: 15.666 GC heap before
{Heap before GC invocations=34 (full 0):
 garbage-first heap   total 208896K, used 188128K [0x0000000780000000, 0x0000000800000000)
  region size 1024K, 64 young (65536K), 8 survivors (8192K)
 Metaspace       used 132418K, committed 134528K, reserved 1179648K
  class space    used 17212K, committed 18240K, reserved 1048576K
}
Event: 15.672 GC heap after
{Heap after GC invocations=35 (full 0):
 garbage-first heap   total 208896K, used 136418K [0x0000000780000000, 0x0000000800000000)
  region size 1024K, 7 young (7168K), 7 survivors (7168K)
 Metaspace       used 132418K, committed 134528K, reserved 1179648K
  class space    used 17212K, committed 18240K, reserved 1048576K
}
Event: 16.451 GC heap before
{Heap before GC invocations=36 (full 0):
 garbage-first heap   total 235520K, used 187618K [0x0000000780000000, 0x0000000800000000)
  region size 1024K, 57 young (58368K), 7 survivors (7168K)
 Metaspace       used 137150K, committed 139328K, reserved 1179648K
  class space    used 17914K, committed 19008K, reserved 1048576K
}
Event: 16.458 GC heap after
{Heap after GC invocations=37 (full 0):
 garbage-first heap   total 235520K, used 137837K [0x0000000780000000, 0x0000000800000000)
  region size 1024K, 4 young (4096K), 4 survivors (4096K)
 Metaspace       used 137150K, committed 139328K, reserved 1179648K
  class space    used 17914K, committed 19008K, reserved 1048576K
}
Event: 17.341 GC heap before
{Heap before GC invocations=37 (full 0):
 garbage-first heap   total 235520K, used 211565K [0x0000000780000000, 0x0000000800000000)
  region size 1024K, 77 young (78848K), 4 survivors (4096K)
 Metaspace       used 140087K, committed 142272K, reserved 1179648K
  class space    used 18315K, committed 19392K, reserved 1048576K
}
Event: 17.349 GC heap after
{Heap after GC invocations=38 (full 0):
 garbage-first heap   total 235520K, used 142442K [0x0000000780000000, 0x0000000800000000)
  region size 1024K, 10 young (10240K), 10 survivors (10240K)
 Metaspace       used 140087K, committed 142272K, reserved 1179648K
  class space    used 18315K, committed 19392K, reserved 1048576K
}
Event: 17.535 GC heap before
{Heap before GC invocations=38 (full 0):
 garbage-first heap   total 235520K, used 211050K [0x0000000780000000, 0x0000000800000000)
  region size 1024K, 78 young (79872K), 10 survivors (10240K)
 Metaspace       used 140326K, committed 142528K, reserved 1179648K
  class space    used 18315K, committed 19392K, reserved 1048576K
}

